<?xml version="1.0" encoding="UTF-8"?>
<!-- Generated by org.testng.reporters.JUnitXMLReporter -->
<testsuite ignored="1" hostname="LAPTOP-8J3R7791" failures="0" tests="1" name="Default test" time="4.029" errors="0" timestamp="2024-12-05T14:23:39 IST">
  <testcase classname="jsonarrauusercreation.Json_Array_complex_Creation_Lombok" name="createUserWithjsonarraylombok_Builder" time="3.862"/>
  <testcase classname="jsonarrauusercreation.Json_Array_complex_Creation_Lombok" name="createUserWithjsonarraylombok" time="0.0">
    <ignored/>
  </testcase> <!-- createUserWithjsonarraylombok -->
</testsuite> <!-- Default test -->
