<?xml version="1.0" encoding="UTF-8"?>
<!-- Generated by org.testng.reporters.JUnitXMLReporter -->
<testsuite ignored="2" hostname="LAPTOP-8J3R7791" failures="0" tests="1" name="Default test" time="16.229" errors="0" timestamp="2024-12-03T17:20:35 IST">
  <testcase classname="postWithAuthAPI.AuthAPITest" name="getAuthTokenTest_With_PojoClass" time="16.078"/>
  <testcase classname="postWithAuthAPI.AuthAPITest" name="getAuthTokenTest_With_jsonFile" time="0.0">
    <ignored/>
  </testcase> <!-- getAuthTokenTest_With_jsonFile -->
  <testcase classname="postWithAuthAPI.AuthAPITest" name="getAuthTokenTest" time="0.0">
    <ignored/>
  </testcase> <!-- getAuthTokenTest -->
</testsuite> <!-- Default test -->
